16/03/15 19:43.25: scheduleTask.run(razscheduleduploadevent[93d39fcb-b416-4855-8d229639feaa304a]).started
16/03/15 19:43.25: scheduleEngine.run(): null
17/03/15 09:09.46: scheduleEngine started
17/03/15 09:09.47: scheduleEngine: UpdateTask: razassetexpiry
17/03/15 09:09.47: taskName=razassetexpiry; StartTime=00:01.00; StartDate=02/Mar/2015; EndTime=23:59.00; EndDate=-1; interval=300
17/03/15 09:09.47: scheduleEngine: UpdateTask: razfoldersubscribe
17/03/15 09:09.47: taskName=razfoldersubscribe; StartTime=00:01.00; StartDate=02/Mar/2015; EndTime=23:59.00; EndDate=-1; interval=500
17/03/15 09:09.47: scheduleEngine: UpdateTask: razftpnotifications
17/03/15 09:09.47: taskName=razftpnotifications; StartTime=00:01.00; StartDate=02/Mar/2015; EndTime=23:59.00; EndDate=-1; interval=3600
17/03/15 09:09.47: scheduleEngine: UpdateTask: razscheduleduploadevent[93d39fcb-b416-4855-8d229639feaa304a]
17/03/15 09:09.47: taskName=razscheduleduploadevent[93d39fcb-b416-4855-8d229639feaa304a]; StartTime=00:01.00; StartDate=20/Feb/2015; EndTime=23:59.00; EndDate=-1; interval=120
17/03/15 09:09.47: Active Tasks=4; Directory=/Users/nitai/Documents/workspace/razuna/WEB-INF/bluedragon/work/cfschedule
17/03/15 09:10.47: scheduleTask.run(razfoldersubscribe).started
17/03/15 09:10.59: scheduleTask.run(razfoldersubscribe).finished
17/03/15 09:11.17: scheduleTask.run(razscheduleduploadevent[93d39fcb-b416-4855-8d229639feaa304a]).started
17/03/15 09:11.17: scheduleTask.run(razassetexpiry).started
17/03/15 09:11.18: scheduleTask.run(razassetexpiry).finished
17/03/15 09:11.22: scheduleTask.run(razscheduleduploadevent[93d39fcb-b416-4855-8d229639feaa304a]).finished
17/03/15 09:13.17: scheduleTask.run(razscheduleduploadevent[93d39fcb-b416-4855-8d229639feaa304a]).started
17/03/15 09:13.22: scheduleTask.run(razscheduleduploadevent[93d39fcb-b416-4855-8d229639feaa304a]).finished
17/03/15 09:15.17: scheduleTask.run(razscheduleduploadevent[93d39fcb-b416-4855-8d229639feaa304a]).started
17/03/15 09:15.23: scheduleTask.run(razscheduleduploadevent[93d39fcb-b416-4855-8d229639feaa304a]).finished
17/03/15 09:16.17: scheduleTask.run(razassetexpiry).started
17/03/15 09:16.23: scheduleTask.run(razassetexpiry).finished
17/03/15 09:17.17: scheduleTask.run(razscheduleduploadevent[93d39fcb-b416-4855-8d229639feaa304a]).started
17/03/15 09:17.23: scheduleTask.run(razscheduleduploadevent[93d39fcb-b416-4855-8d229639feaa304a]).finished
17/03/15 09:18.47: scheduleTask.run(razfoldersubscribe).started
17/03/15 09:18.52: scheduleTask.run(razfoldersubscribe).finished
17/03/15 09:19.17: scheduleTask.run(razscheduleduploadevent[93d39fcb-b416-4855-8d229639feaa304a]).started
17/03/15 09:19.18: scheduleTask.run(razscheduleduploadevent[93d39fcb-b416-4855-8d229639feaa304a]).finished
17/03/15 09:19.47: scheduleTask.run(razfoldersubscribe).started
17/03/15 09:19.52: scheduleTask.run(razfoldersubscribe).finished
17/03/15 09:21.17: scheduleTask.run(razscheduleduploadevent[93d39fcb-b416-4855-8d229639feaa304a]).started
17/03/15 09:21.17: scheduleTask.run(razassetexpiry).started
17/03/15 09:21.22: scheduleTask.run(razassetexpiry).finished
17/03/15 09:21.23: scheduleTask.run(razscheduleduploadevent[93d39fcb-b416-4855-8d229639feaa304a]).finished
17/03/15 09:23.17: scheduleTask.run(razscheduleduploadevent[93d39fcb-b416-4855-8d229639feaa304a]).started
17/03/15 09:23.23: scheduleTask.run(razscheduleduploadevent[93d39fcb-b416-4855-8d229639feaa304a]).finished
17/03/15 09:25.17: scheduleTask.run(razscheduleduploadevent[93d39fcb-b416-4855-8d229639feaa304a]).started
17/03/15 09:25.23: scheduleTask.run(razscheduleduploadevent[93d39fcb-b416-4855-8d229639feaa304a]).finished
17/03/15 09:26.17: scheduleTask.run(razassetexpiry).started
17/03/15 09:26.23: scheduleTask.run(razassetexpiry).finished
17/03/15 09:27.17: scheduleTask.run(razscheduleduploadevent[93d39fcb-b416-4855-8d229639feaa304a]).started
17/03/15 09:27.23: scheduleTask.run(razscheduleduploadevent[93d39fcb-b416-4855-8d229639feaa304a]).finished
17/03/15 09:27.47: scheduleTask.run(razfoldersubscribe).started
17/03/15 09:27.47: scheduleTask.run(razfoldersubscribe).finished
17/03/15 09:29.17: scheduleTask.run(razscheduleduploadevent[93d39fcb-b416-4855-8d229639feaa304a]).started
17/03/15 09:29.23: scheduleTask.run(razscheduleduploadevent[93d39fcb-b416-4855-8d229639feaa304a]).finished
17/03/15 09:31.17: scheduleTask.run(razscheduleduploadevent[93d39fcb-b416-4855-8d229639feaa304a]).started
17/03/15 09:31.17: scheduleTask.run(razassetexpiry).started
17/03/15 09:31.23: scheduleTask.run(razscheduleduploadevent[93d39fcb-b416-4855-8d229639feaa304a]).finished
17/03/15 09:31.23: scheduleTask.run(razassetexpiry).finished
17/03/15 09:33.17: scheduleTask.run(razscheduleduploadevent[93d39fcb-b416-4855-8d229639feaa304a]).started
17/03/15 09:33.23: scheduleTask.run(razscheduleduploadevent[93d39fcb-b416-4855-8d229639feaa304a]).finished
17/03/15 09:35.17: scheduleTask.run(razscheduleduploadevent[93d39fcb-b416-4855-8d229639feaa304a]).started
17/03/15 09:35.23: scheduleTask.run(razscheduleduploadevent[93d39fcb-b416-4855-8d229639feaa304a]).finished
17/03/15 09:35.47: scheduleTask.run(razfoldersubscribe).started
17/03/15 09:35.48: scheduleTask.run(razfoldersubscribe).finished
17/03/15 09:36.17: scheduleTask.run(razassetexpiry).started
17/03/15 09:36.23: scheduleTask.run(razassetexpiry).finished
17/03/15 09:37.17: scheduleTask.run(razscheduleduploadevent[93d39fcb-b416-4855-8d229639feaa304a]).started
17/03/15 09:37.23: scheduleTask.run(razscheduleduploadevent[93d39fcb-b416-4855-8d229639feaa304a]).finished
17/03/15 09:39.17: scheduleTask.run(razscheduleduploadevent[93d39fcb-b416-4855-8d229639feaa304a]).started
17/03/15 09:39.23: scheduleTask.run(razscheduleduploadevent[93d39fcb-b416-4855-8d229639feaa304a]).finished
17/03/15 09:41.17: scheduleTask.run(razscheduleduploadevent[93d39fcb-b416-4855-8d229639feaa304a]).started
17/03/15 09:41.17: scheduleTask.run(razassetexpiry).started
17/03/15 09:41.23: scheduleTask.run(razscheduleduploadevent[93d39fcb-b416-4855-8d229639feaa304a]).finished
17/03/15 09:41.23: scheduleTask.run(razassetexpiry).finished
17/03/15 09:43.17: scheduleTask.run(razscheduleduploadevent[93d39fcb-b416-4855-8d229639feaa304a]).started
17/03/15 09:43.23: scheduleTask.run(razscheduleduploadevent[93d39fcb-b416-4855-8d229639feaa304a]).finished
17/03/15 09:43.47: scheduleTask.run(razfoldersubscribe).started
17/03/15 09:43.48: scheduleTask.run(razfoldersubscribe).finished
17/03/15 09:44.47: scheduleTask.run(razfoldersubscribe).started
17/03/15 09:44.53: scheduleTask.run(razfoldersubscribe).finished
17/03/15 09:45.17: scheduleTask.run(razscheduleduploadevent[93d39fcb-b416-4855-8d229639feaa304a]).started
17/03/15 09:45.18: scheduleTask.run(razscheduleduploadevent[93d39fcb-b416-4855-8d229639feaa304a]).finished
17/03/15 09:46.17: scheduleTask.run(razassetexpiry).started
17/03/15 09:46.23: scheduleTask.run(razassetexpiry).finished
17/03/15 09:47.17: scheduleTask.run(razscheduleduploadevent[93d39fcb-b416-4855-8d229639feaa304a]).started
17/03/15 09:47.23: scheduleTask.run(razscheduleduploadevent[93d39fcb-b416-4855-8d229639feaa304a]).finished
17/03/15 09:49.18: scheduleTask.run(razscheduleduploadevent[93d39fcb-b416-4855-8d229639feaa304a]).started
17/03/15 09:49.23: scheduleTask.run(razscheduleduploadevent[93d39fcb-b416-4855-8d229639feaa304a]).finished
17/03/15 09:51.18: scheduleTask.run(razscheduleduploadevent[93d39fcb-b416-4855-8d229639feaa304a]).started
17/03/15 09:51.18: scheduleTask.run(razassetexpiry).started
17/03/15 09:51.23: scheduleTask.run(razscheduleduploadevent[93d39fcb-b416-4855-8d229639feaa304a]).finished
17/03/15 09:51.23: scheduleTask.run(razassetexpiry).finished
17/03/15 09:52.48: scheduleTask.run(razfoldersubscribe).started
17/03/15 09:52.53: scheduleTask.run(razfoldersubscribe).finished
17/03/15 09:53.18: scheduleTask.run(razscheduleduploadevent[93d39fcb-b416-4855-8d229639feaa304a]).started
17/03/15 09:53.18: scheduleTask.run(razscheduleduploadevent[93d39fcb-b416-4855-8d229639feaa304a]).finished
17/03/15 09:55.18: scheduleTask.run(razscheduleduploadevent[93d39fcb-b416-4855-8d229639feaa304a]).started
17/03/15 09:55.23: scheduleTask.run(razscheduleduploadevent[93d39fcb-b416-4855-8d229639feaa304a]).finished
17/03/15 09:56.18: scheduleTask.run(razassetexpiry).started
17/03/15 09:56.23: scheduleTask.run(razassetexpiry).finished
17/03/15 09:57.18: scheduleTask.run(razscheduleduploadevent[93d39fcb-b416-4855-8d229639feaa304a]).started
17/03/15 09:57.23: scheduleTask.run(razscheduleduploadevent[93d39fcb-b416-4855-8d229639feaa304a]).finished
17/03/15 09:59.18: scheduleTask.run(razscheduleduploadevent[93d39fcb-b416-4855-8d229639feaa304a]).started
17/03/15 09:59.23: scheduleTask.run(razscheduleduploadevent[93d39fcb-b416-4855-8d229639feaa304a]).finished
17/03/15 10:00.48: scheduleTask.run(razfoldersubscribe).started
17/03/15 10:00.53: scheduleTask.run(razfoldersubscribe).finished
17/03/15 10:01.18: scheduleTask.run(razftpnotifications).started
17/03/15 10:01.18: scheduleTask.run(razscheduleduploadevent[93d39fcb-b416-4855-8d229639feaa304a]).started
17/03/15 10:01.18: scheduleTask.run(razassetexpiry).started
17/03/15 10:01.18: scheduleTask.run(razftpnotifications).finished
17/03/15 10:01.18: scheduleTask.run(razassetexpiry).finished
17/03/15 10:01.18: scheduleTask.run(razscheduleduploadevent[93d39fcb-b416-4855-8d229639feaa304a]).finished
17/03/15 10:03.18: scheduleTask.run(razscheduleduploadevent[93d39fcb-b416-4855-8d229639feaa304a]).started
17/03/15 10:03.23: scheduleTask.run(razscheduleduploadevent[93d39fcb-b416-4855-8d229639feaa304a]).finished
17/03/15 10:05.18: scheduleTask.run(razscheduleduploadevent[93d39fcb-b416-4855-8d229639feaa304a]).started
17/03/15 10:05.23: scheduleTask.run(razscheduleduploadevent[93d39fcb-b416-4855-8d229639feaa304a]).finished
17/03/15 10:06.18: scheduleTask.run(razassetexpiry).started
17/03/15 10:06.23: scheduleTask.run(razassetexpiry).finished
17/03/15 10:07.18: scheduleTask.run(razscheduleduploadevent[93d39fcb-b416-4855-8d229639feaa304a]).started
17/03/15 10:07.23: scheduleTask.run(razscheduleduploadevent[93d39fcb-b416-4855-8d229639feaa304a]).finished
17/03/15 10:08.48: scheduleTask.run(razfoldersubscribe).started
17/03/15 10:08.53: scheduleTask.run(razfoldersubscribe).finished
17/03/15 10:09.18: scheduleTask.run(razscheduleduploadevent[93d39fcb-b416-4855-8d229639feaa304a]).started
17/03/15 10:09.18: scheduleTask.run(razscheduleduploadevent[93d39fcb-b416-4855-8d229639feaa304a]).finished
17/03/15 10:09.48: scheduleTask.run(razfoldersubscribe).started
17/03/15 10:09.53: scheduleTask.run(razfoldersubscribe).finished
17/03/15 10:11.18: scheduleTask.run(razscheduleduploadevent[93d39fcb-b416-4855-8d229639feaa304a]).started
17/03/15 10:11.18: scheduleTask.run(razassetexpiry).started
17/03/15 10:11.23: scheduleTask.run(razassetexpiry).finished
17/03/15 10:11.23: scheduleTask.run(razscheduleduploadevent[93d39fcb-b416-4855-8d229639feaa304a]).finished
17/03/15 10:13.18: scheduleTask.run(razscheduleduploadevent[93d39fcb-b416-4855-8d229639feaa304a]).started
17/03/15 10:13.23: scheduleTask.run(razscheduleduploadevent[93d39fcb-b416-4855-8d229639feaa304a]).finished
17/03/15 10:15.18: scheduleTask.run(razscheduleduploadevent[93d39fcb-b416-4855-8d229639feaa304a]).started
17/03/15 10:15.23: scheduleTask.run(razscheduleduploadevent[93d39fcb-b416-4855-8d229639feaa304a]).finished
17/03/15 10:16.18: scheduleTask.run(razassetexpiry).started
17/03/15 10:16.24: scheduleTask.run(razassetexpiry).finished
17/03/15 10:17.18: scheduleTask.run(razscheduleduploadevent[93d39fcb-b416-4855-8d229639feaa304a]).started
17/03/15 10:17.23: scheduleTask.run(razscheduleduploadevent[93d39fcb-b416-4855-8d229639feaa304a]).finished
17/03/15 10:17.48: scheduleTask.run(razfoldersubscribe).started
17/03/15 10:17.48: scheduleTask.run(razfoldersubscribe).finished
17/03/15 10:19.18: scheduleTask.run(razscheduleduploadevent[93d39fcb-b416-4855-8d229639feaa304a]).started
17/03/15 10:19.23: scheduleTask.run(razscheduleduploadevent[93d39fcb-b416-4855-8d229639feaa304a]).finished
17/03/15 10:21.18: scheduleTask.run(razscheduleduploadevent[93d39fcb-b416-4855-8d229639feaa304a]).started
17/03/15 10:21.18: scheduleTask.run(razassetexpiry).started
17/03/15 10:21.23: scheduleTask.run(razscheduleduploadevent[93d39fcb-b416-4855-8d229639feaa304a]).finished
17/03/15 10:21.24: scheduleTask.run(razassetexpiry).finished
17/03/15 10:23.18: scheduleTask.run(razscheduleduploadevent[93d39fcb-b416-4855-8d229639feaa304a]).started
17/03/15 10:23.23: scheduleTask.run(razscheduleduploadevent[93d39fcb-b416-4855-8d229639feaa304a]).finished
17/03/15 10:25.18: scheduleTask.run(razscheduleduploadevent[93d39fcb-b416-4855-8d229639feaa304a]).started
17/03/15 10:25.23: scheduleTask.run(razscheduleduploadevent[93d39fcb-b416-4855-8d229639feaa304a]).finished
17/03/15 10:25.48: scheduleTask.run(razfoldersubscribe).started
17/03/15 10:25.49: scheduleTask.run(razfoldersubscribe).finished
17/03/15 10:26.18: scheduleTask.run(razassetexpiry).started
17/03/15 10:26.23: scheduleTask.run(razassetexpiry).finished
17/03/15 10:27.18: scheduleTask.run(razscheduleduploadevent[93d39fcb-b416-4855-8d229639feaa304a]).started
17/03/15 10:27.23: scheduleTask.run(razscheduleduploadevent[93d39fcb-b416-4855-8d229639feaa304a]).finished
17/03/15 10:29.18: scheduleTask.run(razscheduleduploadevent[93d39fcb-b416-4855-8d229639feaa304a]).started
17/03/15 10:29.23: scheduleTask.run(razscheduleduploadevent[93d39fcb-b416-4855-8d229639feaa304a]).finished
17/03/15 10:31.18: scheduleTask.run(razscheduleduploadevent[93d39fcb-b416-4855-8d229639feaa304a]).started
17/03/15 10:31.18: scheduleTask.run(razassetexpiry).started
17/03/15 10:31.23: scheduleTask.run(razscheduleduploadevent[93d39fcb-b416-4855-8d229639feaa304a]).finished
17/03/15 10:31.24: scheduleTask.run(razassetexpiry).finished
17/03/15 10:33.18: scheduleTask.run(razscheduleduploadevent[93d39fcb-b416-4855-8d229639feaa304a]).started
17/03/15 10:33.24: scheduleTask.run(razscheduleduploadevent[93d39fcb-b416-4855-8d229639feaa304a]).finished
17/03/15 10:33.48: scheduleTask.run(razfoldersubscribe).started
17/03/15 10:33.48: scheduleTask.run(razfoldersubscribe).finished
17/03/15 10:34.48: scheduleTask.run(razfoldersubscribe).started
17/03/15 10:34.53: scheduleTask.run(razfoldersubscribe).finished
17/03/15 10:35.18: scheduleTask.run(razscheduleduploadevent[93d39fcb-b416-4855-8d229639feaa304a]).started
17/03/15 10:35.18: scheduleTask.run(razscheduleduploadevent[93d39fcb-b416-4855-8d229639feaa304a]).finished
17/03/15 10:36.18: scheduleTask.run(razassetexpiry).started
17/03/15 10:36.23: scheduleTask.run(razassetexpiry).finished
17/03/15 10:37.18: scheduleTask.run(razscheduleduploadevent[93d39fcb-b416-4855-8d229639feaa304a]).started
17/03/15 10:37.24: scheduleTask.run(razscheduleduploadevent[93d39fcb-b416-4855-8d229639feaa304a]).finished
17/03/15 10:39.18: scheduleTask.run(razscheduleduploadevent[93d39fcb-b416-4855-8d229639feaa304a]).started
17/03/15 10:39.25: scheduleTask.run(razscheduleduploadevent[93d39fcb-b416-4855-8d229639feaa304a]).finished
17/03/15 10:41.18: scheduleTask.run(razscheduleduploadevent[93d39fcb-b416-4855-8d229639feaa304a]).started
17/03/15 10:41.18: scheduleTask.run(razassetexpiry).started
17/03/15 10:41.23: scheduleTask.run(razscheduleduploadevent[93d39fcb-b416-4855-8d229639feaa304a]).finished
17/03/15 10:41.24: scheduleTask.run(razassetexpiry).finished
17/03/15 10:42.48: scheduleTask.run(razfoldersubscribe).started
17/03/15 10:42.53: scheduleTask.run(razfoldersubscribe).finished
17/03/15 10:43.18: scheduleTask.run(razscheduleduploadevent[93d39fcb-b416-4855-8d229639feaa304a]).started
17/03/15 10:43.18: scheduleTask.run(razscheduleduploadevent[93d39fcb-b416-4855-8d229639feaa304a]).finished
17/03/15 10:45.18: scheduleTask.run(razscheduleduploadevent[93d39fcb-b416-4855-8d229639feaa304a]).started
17/03/15 10:45.24: scheduleTask.run(razscheduleduploadevent[93d39fcb-b416-4855-8d229639feaa304a]).finished
17/03/15 10:46.18: scheduleTask.run(razassetexpiry).started
17/03/15 10:46.24: scheduleTask.run(razassetexpiry).finished
17/03/15 10:47.18: scheduleTask.run(razscheduleduploadevent[93d39fcb-b416-4855-8d229639feaa304a]).started
17/03/15 10:47.23: scheduleTask.run(razscheduleduploadevent[93d39fcb-b416-4855-8d229639feaa304a]).finished
17/03/15 10:49.18: scheduleTask.run(razscheduleduploadevent[93d39fcb-b416-4855-8d229639feaa304a]).started
17/03/15 10:49.23: scheduleTask.run(razscheduleduploadevent[93d39fcb-b416-4855-8d229639feaa304a]).finished
17/03/15 10:50.48: scheduleTask.run(razfoldersubscribe).started
17/03/15 10:50.54: scheduleTask.run(razfoldersubscribe).finished
17/03/15 10:51.18: scheduleTask.run(razscheduleduploadevent[93d39fcb-b416-4855-8d229639feaa304a]).started
17/03/15 10:51.18: scheduleTask.run(razassetexpiry).started
17/03/15 10:51.18: scheduleTask.run(razassetexpiry).finished
17/03/15 10:51.19: scheduleTask.run(razscheduleduploadevent[93d39fcb-b416-4855-8d229639feaa304a]).finished
17/03/15 10:53.18: scheduleTask.run(razscheduleduploadevent[93d39fcb-b416-4855-8d229639feaa304a]).started
17/03/15 10:53.23: scheduleTask.run(razscheduleduploadevent[93d39fcb-b416-4855-8d229639feaa304a]).finished
17/03/15 10:55.18: scheduleTask.run(razscheduleduploadevent[93d39fcb-b416-4855-8d229639feaa304a]).started
17/03/15 10:55.23: scheduleTask.run(razscheduleduploadevent[93d39fcb-b416-4855-8d229639feaa304a]).finished
17/03/15 10:56.18: scheduleTask.run(razassetexpiry).started
17/03/15 10:56.24: scheduleTask.run(razassetexpiry).finished
17/03/15 10:57.18: scheduleTask.run(razscheduleduploadevent[93d39fcb-b416-4855-8d229639feaa304a]).started
17/03/15 10:57.23: scheduleTask.run(razscheduleduploadevent[93d39fcb-b416-4855-8d229639feaa304a]).finished
17/03/15 10:58.48: scheduleTask.run(razfoldersubscribe).started
17/03/15 10:58.53: scheduleTask.run(razfoldersubscribe).finished
17/03/15 10:59.18: scheduleTask.run(razscheduleduploadevent[93d39fcb-b416-4855-8d229639feaa304a]).started
17/03/15 10:59.18: scheduleTask.run(razscheduleduploadevent[93d39fcb-b416-4855-8d229639feaa304a]).finished
17/03/15 10:59.48: scheduleTask.run(razfoldersubscribe).started
17/03/15 10:59.53: scheduleTask.run(razfoldersubscribe).finished
17/03/15 11:01.18: scheduleTask.run(razftpnotifications).started
17/03/15 11:01.18: scheduleTask.run(razscheduleduploadevent[93d39fcb-b416-4855-8d229639feaa304a]).started
17/03/15 11:01.18: scheduleTask.run(razassetexpiry).started
17/03/15 11:01.24: scheduleTask.run(razftpnotifications).finished
17/03/15 11:01.24: scheduleTask.run(razassetexpiry).finished
17/03/15 11:01.24: scheduleTask.run(razscheduleduploadevent[93d39fcb-b416-4855-8d229639feaa304a]).finished
17/03/15 11:03.18: scheduleTask.run(razscheduleduploadevent[93d39fcb-b416-4855-8d229639feaa304a]).started
17/03/15 11:03.24: scheduleTask.run(razscheduleduploadevent[93d39fcb-b416-4855-8d229639feaa304a]).finished
17/03/15 11:05.18: scheduleTask.run(razscheduleduploadevent[93d39fcb-b416-4855-8d229639feaa304a]).started
17/03/15 11:05.23: scheduleTask.run(razscheduleduploadevent[93d39fcb-b416-4855-8d229639feaa304a]).finished
17/03/15 11:06.18: scheduleTask.run(razassetexpiry).started
17/03/15 11:06.24: scheduleTask.run(razassetexpiry).finished
17/03/15 11:07.18: scheduleTask.run(razscheduleduploadevent[93d39fcb-b416-4855-8d229639feaa304a]).started
17/03/15 11:07.24: scheduleTask.run(razscheduleduploadevent[93d39fcb-b416-4855-8d229639feaa304a]).finished
17/03/15 11:07.48: scheduleTask.run(razfoldersubscribe).started
17/03/15 11:07.48: scheduleTask.run(razfoldersubscribe).finished
17/03/15 11:09.18: scheduleTask.run(razscheduleduploadevent[93d39fcb-b416-4855-8d229639feaa304a]).started
17/03/15 11:09.24: scheduleTask.run(razscheduleduploadevent[93d39fcb-b416-4855-8d229639feaa304a]).finished
17/03/15 11:11.18: scheduleTask.run(razscheduleduploadevent[93d39fcb-b416-4855-8d229639feaa304a]).started
17/03/15 11:11.18: scheduleTask.run(razassetexpiry).started
17/03/15 11:11.24: scheduleTask.run(razscheduleduploadevent[93d39fcb-b416-4855-8d229639feaa304a]).finished
17/03/15 11:11.24: scheduleTask.run(razassetexpiry).finished
17/03/15 11:13.18: scheduleTask.run(razscheduleduploadevent[93d39fcb-b416-4855-8d229639feaa304a]).started
17/03/15 11:13.24: scheduleTask.run(razscheduleduploadevent[93d39fcb-b416-4855-8d229639feaa304a]).finished
17/03/15 11:15.18: scheduleTask.run(razscheduleduploadevent[93d39fcb-b416-4855-8d229639feaa304a]).started
17/03/15 11:15.24: scheduleTask.run(razscheduleduploadevent[93d39fcb-b416-4855-8d229639feaa304a]).finished
17/03/15 11:15.48: scheduleTask.run(razfoldersubscribe).started
17/03/15 11:15.49: scheduleTask.run(razfoldersubscribe).finished
17/03/15 11:16.18: scheduleTask.run(razassetexpiry).started
17/03/15 11:16.23: scheduleTask.run(razassetexpiry).finished
17/03/15 11:17.18: scheduleTask.run(razscheduleduploadevent[93d39fcb-b416-4855-8d229639feaa304a]).started
17/03/15 11:17.24: scheduleTask.run(razscheduleduploadevent[93d39fcb-b416-4855-8d229639feaa304a]).finished
17/03/15 11:19.18: scheduleTask.run(razscheduleduploadevent[93d39fcb-b416-4855-8d229639feaa304a]).started
17/03/15 11:19.24: scheduleTask.run(razscheduleduploadevent[93d39fcb-b416-4855-8d229639feaa304a]).finished
17/03/15 11:21.18: scheduleTask.run(razscheduleduploadevent[93d39fcb-b416-4855-8d229639feaa304a]).started
17/03/15 11:21.18: scheduleTask.run(razassetexpiry).started
17/03/15 11:21.24: scheduleTask.run(razscheduleduploadevent[93d39fcb-b416-4855-8d229639feaa304a]).finished
17/03/15 11:21.24: scheduleTask.run(razassetexpiry).finished
17/03/15 11:23.18: scheduleTask.run(razscheduleduploadevent[93d39fcb-b416-4855-8d229639feaa304a]).started
17/03/15 11:23.24: scheduleTask.run(razscheduleduploadevent[93d39fcb-b416-4855-8d229639feaa304a]).finished
17/03/15 11:23.48: scheduleTask.run(razfoldersubscribe).started
17/03/15 11:23.48: scheduleTask.run(razfoldersubscribe).finished
17/03/15 11:24.48: scheduleTask.run(razfoldersubscribe).started
17/03/15 11:24.53: scheduleTask.run(razfoldersubscribe).finished
17/03/15 11:25.18: scheduleTask.run(razscheduleduploadevent[93d39fcb-b416-4855-8d229639feaa304a]).started
17/03/15 11:25.19: scheduleTask.run(razscheduleduploadevent[93d39fcb-b416-4855-8d229639feaa304a]).finished
17/03/15 11:26.18: scheduleTask.run(razassetexpiry).started
17/03/15 11:26.24: scheduleTask.run(razassetexpiry).finished
17/03/15 11:27.18: scheduleTask.run(razscheduleduploadevent[93d39fcb-b416-4855-8d229639feaa304a]).started
17/03/15 11:27.24: scheduleTask.run(razscheduleduploadevent[93d39fcb-b416-4855-8d229639feaa304a]).finished
17/03/15 11:29.18: scheduleTask.run(razscheduleduploadevent[93d39fcb-b416-4855-8d229639feaa304a]).started
17/03/15 11:29.24: scheduleTask.run(razscheduleduploadevent[93d39fcb-b416-4855-8d229639feaa304a]).finished
17/03/15 11:31.18: scheduleTask.run(razscheduleduploadevent[93d39fcb-b416-4855-8d229639feaa304a]).started
17/03/15 11:31.18: scheduleTask.run(razassetexpiry).started
17/03/15 11:31.24: scheduleTask.run(razscheduleduploadevent[93d39fcb-b416-4855-8d229639feaa304a]).finished
17/03/15 11:31.24: scheduleTask.run(razassetexpiry).finished
17/03/15 11:32.48: scheduleTask.run(razfoldersubscribe).started
17/03/15 11:32.54: scheduleTask.run(razfoldersubscribe).finished
17/03/15 11:33.18: scheduleTask.run(razscheduleduploadevent[93d39fcb-b416-4855-8d229639feaa304a]).started
17/03/15 11:33.19: scheduleTask.run(razscheduleduploadevent[93d39fcb-b416-4855-8d229639feaa304a]).finished
17/03/15 11:35.18: scheduleTask.run(razscheduleduploadevent[93d39fcb-b416-4855-8d229639feaa304a]).started
17/03/15 11:35.24: scheduleTask.run(razscheduleduploadevent[93d39fcb-b416-4855-8d229639feaa304a]).finished
17/03/15 11:36.18: scheduleTask.run(razassetexpiry).started
17/03/15 11:36.24: scheduleTask.run(razassetexpiry).finished
17/03/15 11:37.18: scheduleTask.run(razscheduleduploadevent[93d39fcb-b416-4855-8d229639feaa304a]).started
17/03/15 11:37.24: scheduleTask.run(razscheduleduploadevent[93d39fcb-b416-4855-8d229639feaa304a]).finished
17/03/15 11:39.19: scheduleTask.run(razscheduleduploadevent[93d39fcb-b416-4855-8d229639feaa304a]).started
17/03/15 11:39.24: scheduleTask.run(razscheduleduploadevent[93d39fcb-b416-4855-8d229639feaa304a]).finished
17/03/15 11:40.49: scheduleTask.run(razfoldersubscribe).started
17/03/15 11:40.54: scheduleTask.run(razfoldersubscribe).finished
17/03/15 11:41.19: scheduleTask.run(razscheduleduploadevent[93d39fcb-b416-4855-8d229639feaa304a]).started
17/03/15 11:41.19: scheduleTask.run(razassetexpiry).started
17/03/15 11:41.19: scheduleTask.run(razassetexpiry).finished
17/03/15 11:41.19: scheduleTask.run(razscheduleduploadevent[93d39fcb-b416-4855-8d229639feaa304a]).finished
17/03/15 11:43.19: scheduleTask.run(razscheduleduploadevent[93d39fcb-b416-4855-8d229639feaa304a]).started
17/03/15 11:43.24: scheduleTask.run(razscheduleduploadevent[93d39fcb-b416-4855-8d229639feaa304a]).finished
17/03/15 11:45.19: scheduleTask.run(razscheduleduploadevent[93d39fcb-b416-4855-8d229639feaa304a]).started
17/03/15 11:45.24: scheduleTask.run(razscheduleduploadevent[93d39fcb-b416-4855-8d229639feaa304a]).finished
17/03/15 11:46.19: scheduleTask.run(razassetexpiry).started
17/03/15 11:46.24: scheduleTask.run(razassetexpiry).finished
17/03/15 11:47.19: scheduleTask.run(razscheduleduploadevent[93d39fcb-b416-4855-8d229639feaa304a]).started
17/03/15 11:47.24: scheduleTask.run(razscheduleduploadevent[93d39fcb-b416-4855-8d229639feaa304a]).finished
17/03/15 11:48.49: scheduleTask.run(razfoldersubscribe).started
17/03/15 11:48.54: scheduleTask.run(razfoldersubscribe).finished
17/03/15 11:49.19: scheduleTask.run(razscheduleduploadevent[93d39fcb-b416-4855-8d229639feaa304a]).started
17/03/15 11:49.19: scheduleTask.run(razscheduleduploadevent[93d39fcb-b416-4855-8d229639feaa304a]).finished
17/03/15 11:49.49: scheduleTask.run(razfoldersubscribe).started
17/03/15 11:49.54: scheduleTask.run(razfoldersubscribe).finished
17/03/15 11:51.19: scheduleTask.run(razscheduleduploadevent[93d39fcb-b416-4855-8d229639feaa304a]).started
17/03/15 11:51.19: scheduleTask.run(razassetexpiry).started
17/03/15 11:51.24: scheduleTask.run(razassetexpiry).finished
17/03/15 11:51.24: scheduleTask.run(razscheduleduploadevent[93d39fcb-b416-4855-8d229639feaa304a]).finished
17/03/15 11:53.19: scheduleTask.run(razscheduleduploadevent[93d39fcb-b416-4855-8d229639feaa304a]).started
17/03/15 11:53.24: scheduleTask.run(razscheduleduploadevent[93d39fcb-b416-4855-8d229639feaa304a]).finished
17/03/15 11:55.19: scheduleTask.run(razscheduleduploadevent[93d39fcb-b416-4855-8d229639feaa304a]).started
17/03/15 11:55.24: scheduleTask.run(razscheduleduploadevent[93d39fcb-b416-4855-8d229639feaa304a]).finished
17/03/15 11:56.19: scheduleTask.run(razassetexpiry).started
17/03/15 11:56.24: scheduleTask.run(razassetexpiry).finished
17/03/15 11:57.19: scheduleTask.run(razscheduleduploadevent[93d39fcb-b416-4855-8d229639feaa304a]).started
17/03/15 11:57.24: scheduleTask.run(razscheduleduploadevent[93d39fcb-b416-4855-8d229639feaa304a]).finished
17/03/15 11:57.49: scheduleTask.run(razfoldersubscribe).started
17/03/15 11:57.49: scheduleTask.run(razfoldersubscribe).finished
17/03/15 11:59.19: scheduleTask.run(razscheduleduploadevent[93d39fcb-b416-4855-8d229639feaa304a]).started
17/03/15 11:59.24: scheduleTask.run(razscheduleduploadevent[93d39fcb-b416-4855-8d229639feaa304a]).finished
17/03/15 12:01.19: scheduleTask.run(razftpnotifications).started
17/03/15 12:01.19: scheduleTask.run(razscheduleduploadevent[93d39fcb-b416-4855-8d229639feaa304a]).started
17/03/15 12:01.19: scheduleTask.run(razassetexpiry).started
17/03/15 12:01.24: scheduleTask.run(razscheduleduploadevent[93d39fcb-b416-4855-8d229639feaa304a]).finished
17/03/15 12:01.24: scheduleTask.run(razftpnotifications).finished
17/03/15 12:01.25: scheduleTask.run(razassetexpiry).finished
17/03/15 12:03.19: scheduleTask.run(razscheduleduploadevent[93d39fcb-b416-4855-8d229639feaa304a]).started
17/03/15 12:03.24: scheduleTask.run(razscheduleduploadevent[93d39fcb-b416-4855-8d229639feaa304a]).finished
17/03/15 12:05.19: scheduleTask.run(razscheduleduploadevent[93d39fcb-b416-4855-8d229639feaa304a]).started
17/03/15 12:05.24: scheduleTask.run(razscheduleduploadevent[93d39fcb-b416-4855-8d229639feaa304a]).finished
17/03/15 12:05.49: scheduleTask.run(razfoldersubscribe).started
17/03/15 12:05.49: scheduleTask.run(razfoldersubscribe).finished
17/03/15 12:06.19: scheduleTask.run(razassetexpiry).started
17/03/15 12:06.24: scheduleTask.run(razassetexpiry).finished
17/03/15 12:07.19: scheduleTask.run(razscheduleduploadevent[93d39fcb-b416-4855-8d229639feaa304a]).started
17/03/15 12:07.24: scheduleTask.run(razscheduleduploadevent[93d39fcb-b416-4855-8d229639feaa304a]).finished
17/03/15 12:09.19: scheduleTask.run(razscheduleduploadevent[93d39fcb-b416-4855-8d229639feaa304a]).started
17/03/15 12:09.24: scheduleTask.run(razscheduleduploadevent[93d39fcb-b416-4855-8d229639feaa304a]).finished
17/03/15 12:11.19: scheduleTask.run(razscheduleduploadevent[93d39fcb-b416-4855-8d229639feaa304a]).started
17/03/15 12:11.19: scheduleTask.run(razassetexpiry).started
17/03/15 12:11.24: scheduleTask.run(razscheduleduploadevent[93d39fcb-b416-4855-8d229639feaa304a]).finished
17/03/15 12:11.25: scheduleTask.run(razassetexpiry).finished
17/03/15 12:13.19: scheduleTask.run(razscheduleduploadevent[93d39fcb-b416-4855-8d229639feaa304a]).started
17/03/15 12:13.24: scheduleTask.run(razscheduleduploadevent[93d39fcb-b416-4855-8d229639feaa304a]).finished
17/03/15 12:13.49: scheduleTask.run(razfoldersubscribe).started
17/03/15 12:13.49: scheduleTask.run(razfoldersubscribe).finished
17/03/15 12:14.49: scheduleTask.run(razfoldersubscribe).started
17/03/15 12:14.54: scheduleTask.run(razfoldersubscribe).finished
17/03/15 12:15.19: scheduleTask.run(razscheduleduploadevent[93d39fcb-b416-4855-8d229639feaa304a]).started
17/03/15 12:15.19: scheduleTask.run(razscheduleduploadevent[93d39fcb-b416-4855-8d229639feaa304a]).finished
17/03/15 12:16.19: scheduleTask.run(razassetexpiry).started
17/03/15 12:16.24: scheduleTask.run(razassetexpiry).finished
17/03/15 12:17.19: scheduleTask.run(razscheduleduploadevent[93d39fcb-b416-4855-8d229639feaa304a]).started
17/03/15 12:17.24: scheduleTask.run(razscheduleduploadevent[93d39fcb-b416-4855-8d229639feaa304a]).finished
17/03/15 12:19.19: scheduleTask.run(razscheduleduploadevent[93d39fcb-b416-4855-8d229639feaa304a]).started
17/03/15 12:19.24: scheduleTask.run(razscheduleduploadevent[93d39fcb-b416-4855-8d229639feaa304a]).finished
17/03/15 12:21.19: scheduleTask.run(razscheduleduploadevent[93d39fcb-b416-4855-8d229639feaa304a]).started
17/03/15 12:21.19: scheduleTask.run(razassetexpiry).started
17/03/15 12:21.24: scheduleTask.run(razscheduleduploadevent[93d39fcb-b416-4855-8d229639feaa304a]).finished
17/03/15 12:21.25: scheduleTask.run(razassetexpiry).finished
17/03/15 12:22.49: scheduleTask.run(razfoldersubscribe).started
17/03/15 12:22.54: scheduleTask.run(razfoldersubscribe).finished
17/03/15 12:23.19: scheduleTask.run(razscheduleduploadevent[93d39fcb-b416-4855-8d229639feaa304a]).started
17/03/15 12:23.19: scheduleTask.run(razscheduleduploadevent[93d39fcb-b416-4855-8d229639feaa304a]).finished
17/03/15 12:25.19: scheduleTask.run(razscheduleduploadevent[93d39fcb-b416-4855-8d229639feaa304a]).started
17/03/15 12:25.24: scheduleTask.run(razscheduleduploadevent[93d39fcb-b416-4855-8d229639feaa304a]).finished
17/03/15 12:26.19: scheduleTask.run(razassetexpiry).started
17/03/15 12:26.25: scheduleTask.run(razassetexpiry).finished
17/03/15 12:27.19: scheduleTask.run(razscheduleduploadevent[93d39fcb-b416-4855-8d229639feaa304a]).started
17/03/15 12:27.24: scheduleTask.run(razscheduleduploadevent[93d39fcb-b416-4855-8d229639feaa304a]).finished
17/03/15 12:29.19: scheduleTask.run(razscheduleduploadevent[93d39fcb-b416-4855-8d229639feaa304a]).started
17/03/15 12:29.24: scheduleTask.run(razscheduleduploadevent[93d39fcb-b416-4855-8d229639feaa304a]).finished
17/03/15 12:30.49: scheduleTask.run(razfoldersubscribe).started
17/03/15 12:30.55: scheduleTask.run(razfoldersubscribe).finished
17/03/15 12:31.19: scheduleTask.run(razscheduleduploadevent[93d39fcb-b416-4855-8d229639feaa304a]).started
17/03/15 12:31.19: scheduleTask.run(razassetexpiry).started
17/03/15 12:31.19: scheduleTask.run(razassetexpiry).finished
17/03/15 12:31.19: scheduleTask.run(razscheduleduploadevent[93d39fcb-b416-4855-8d229639feaa304a]).finished
17/03/15 12:33.19: scheduleTask.run(razscheduleduploadevent[93d39fcb-b416-4855-8d229639feaa304a]).started
17/03/15 12:33.24: scheduleTask.run(razscheduleduploadevent[93d39fcb-b416-4855-8d229639feaa304a]).finished
17/03/15 12:35.19: scheduleTask.run(razscheduleduploadevent[93d39fcb-b416-4855-8d229639feaa304a]).started
17/03/15 12:35.24: scheduleTask.run(razscheduleduploadevent[93d39fcb-b416-4855-8d229639feaa304a]).finished
17/03/15 12:36.19: scheduleTask.run(razassetexpiry).started
17/03/15 12:36.25: scheduleTask.run(razassetexpiry).finished
17/03/15 12:37.19: scheduleTask.run(razscheduleduploadevent[93d39fcb-b416-4855-8d229639feaa304a]).started
17/03/15 12:37.24: scheduleTask.run(razscheduleduploadevent[93d39fcb-b416-4855-8d229639feaa304a]).finished
17/03/15 12:38.49: scheduleTask.run(razfoldersubscribe).started
17/03/15 12:38.54: scheduleTask.run(razfoldersubscribe).finished
17/03/15 12:39.19: scheduleTask.run(razscheduleduploadevent[93d39fcb-b416-4855-8d229639feaa304a]).started
17/03/15 12:39.19: scheduleTask.run(razscheduleduploadevent[93d39fcb-b416-4855-8d229639feaa304a]).finished
17/03/15 12:39.49: scheduleTask.run(razfoldersubscribe).started
17/03/15 12:39.54: scheduleTask.run(razfoldersubscribe).finished
17/03/15 12:41.19: scheduleTask.run(razscheduleduploadevent[93d39fcb-b416-4855-8d229639feaa304a]).started
17/03/15 12:41.19: scheduleTask.run(razassetexpiry).started
17/03/15 12:41.24: scheduleTask.run(razassetexpiry).finished
17/03/15 12:41.24: scheduleTask.run(razscheduleduploadevent[93d39fcb-b416-4855-8d229639feaa304a]).finished
17/03/15 12:43.19: scheduleTask.run(razscheduleduploadevent[93d39fcb-b416-4855-8d229639feaa304a]).started
17/03/15 12:43.24: scheduleTask.run(razscheduleduploadevent[93d39fcb-b416-4855-8d229639feaa304a]).finished
17/03/15 12:45.19: scheduleTask.run(razscheduleduploadevent[93d39fcb-b416-4855-8d229639feaa304a]).started
17/03/15 12:45.24: scheduleTask.run(razscheduleduploadevent[93d39fcb-b416-4855-8d229639feaa304a]).finished
17/03/15 12:46.19: scheduleTask.run(razassetexpiry).started
17/03/15 12:46.25: scheduleTask.run(razassetexpiry).finished
17/03/15 12:47.19: scheduleTask.run(razscheduleduploadevent[93d39fcb-b416-4855-8d229639feaa304a]).started
17/03/15 12:47.24: scheduleTask.run(razscheduleduploadevent[93d39fcb-b416-4855-8d229639feaa304a]).finished
17/03/15 12:47.49: scheduleTask.run(razfoldersubscribe).started
17/03/15 12:47.49: scheduleTask.run(razfoldersubscribe).finished
17/03/15 12:49.19: scheduleTask.run(razscheduleduploadevent[93d39fcb-b416-4855-8d229639feaa304a]).started
17/03/15 12:49.25: scheduleTask.run(razscheduleduploadevent[93d39fcb-b416-4855-8d229639feaa304a]).finished
17/03/15 12:51.19: scheduleTask.run(razscheduleduploadevent[93d39fcb-b416-4855-8d229639feaa304a]).started
17/03/15 12:51.19: scheduleTask.run(razassetexpiry).started
17/03/15 12:51.24: scheduleTask.run(razscheduleduploadevent[93d39fcb-b416-4855-8d229639feaa304a]).finished
17/03/15 12:51.25: scheduleTask.run(razassetexpiry).finished
17/03/15 12:53.19: scheduleTask.run(razscheduleduploadevent[93d39fcb-b416-4855-8d229639feaa304a]).started
17/03/15 12:53.24: scheduleTask.run(razscheduleduploadevent[93d39fcb-b416-4855-8d229639feaa304a]).finished
17/03/15 12:55.19: scheduleTask.run(razscheduleduploadevent[93d39fcb-b416-4855-8d229639feaa304a]).started
17/03/15 12:55.24: scheduleTask.run(razscheduleduploadevent[93d39fcb-b416-4855-8d229639feaa304a]).finished
17/03/15 12:55.49: scheduleTask.run(razfoldersubscribe).started
17/03/15 12:55.50: scheduleTask.run(razfoldersubscribe).finished
17/03/15 12:56.19: scheduleTask.run(razassetexpiry).started
17/03/15 12:56.24: scheduleTask.run(razassetexpiry).finished
17/03/15 12:57.19: scheduleTask.run(razscheduleduploadevent[93d39fcb-b416-4855-8d229639feaa304a]).started
17/03/15 12:57.24: scheduleTask.run(razscheduleduploadevent[93d39fcb-b416-4855-8d229639feaa304a]).finished
17/03/15 12:59.19: scheduleTask.run(razscheduleduploadevent[93d39fcb-b416-4855-8d229639feaa304a]).started
17/03/15 12:59.25: scheduleTask.run(razscheduleduploadevent[93d39fcb-b416-4855-8d229639feaa304a]).finished
17/03/15 13:01.19: scheduleTask.run(razftpnotifications).started
17/03/15 13:01.19: scheduleTask.run(razscheduleduploadevent[93d39fcb-b416-4855-8d229639feaa304a]).started
17/03/15 13:01.19: scheduleTask.run(razassetexpiry).started
17/03/15 13:01.25: scheduleTask.run(razscheduleduploadevent[93d39fcb-b416-4855-8d229639feaa304a]).finished
17/03/15 13:01.25: scheduleTask.run(razftpnotifications).finished
17/03/15 13:01.25: scheduleTask.run(razassetexpiry).finished
17/03/15 13:03.19: scheduleTask.run(razscheduleduploadevent[93d39fcb-b416-4855-8d229639feaa304a]).started
17/03/15 13:03.24: scheduleTask.run(razscheduleduploadevent[93d39fcb-b416-4855-8d229639feaa304a]).finished
17/03/15 13:03.49: scheduleTask.run(razfoldersubscribe).started
17/03/15 13:03.49: scheduleTask.run(razfoldersubscribe).finished
17/03/15 13:04.49: scheduleTask.run(razfoldersubscribe).started
17/03/15 13:04.54: scheduleTask.run(razfoldersubscribe).finished
17/03/15 13:05.19: scheduleTask.run(razscheduleduploadevent[93d39fcb-b416-4855-8d229639feaa304a]).started
17/03/15 13:05.20: scheduleTask.run(razscheduleduploadevent[93d39fcb-b416-4855-8d229639feaa304a]).finished
17/03/15 13:06.19: scheduleTask.run(razassetexpiry).started
17/03/15 13:06.25: scheduleTask.run(razassetexpiry).finished
17/03/15 13:07.19: scheduleTask.run(razscheduleduploadevent[93d39fcb-b416-4855-8d229639feaa304a]).started
17/03/15 13:07.25: scheduleTask.run(razscheduleduploadevent[93d39fcb-b416-4855-8d229639feaa304a]).finished
17/03/15 13:09.19: scheduleTask.run(razscheduleduploadevent[93d39fcb-b416-4855-8d229639feaa304a]).started
17/03/15 13:09.25: scheduleTask.run(razscheduleduploadevent[93d39fcb-b416-4855-8d229639feaa304a]).finished
17/03/15 13:11.19: scheduleTask.run(razscheduleduploadevent[93d39fcb-b416-4855-8d229639feaa304a]).started
17/03/15 13:11.19: scheduleTask.run(razassetexpiry).started
17/03/15 13:11.25: scheduleTask.run(razscheduleduploadevent[93d39fcb-b416-4855-8d229639feaa304a]).finished
17/03/15 13:11.25: scheduleTask.run(razassetexpiry).finished
17/03/15 13:12.49: scheduleTask.run(razfoldersubscribe).started
17/03/15 13:12.54: scheduleTask.run(razfoldersubscribe).finished
17/03/15 13:13.19: scheduleTask.run(razscheduleduploadevent[93d39fcb-b416-4855-8d229639feaa304a]).started
17/03/15 13:13.20: scheduleTask.run(razscheduleduploadevent[93d39fcb-b416-4855-8d229639feaa304a]).finished
17/03/15 13:15.19: scheduleTask.run(razscheduleduploadevent[93d39fcb-b416-4855-8d229639feaa304a]).started
17/03/15 13:15.25: scheduleTask.run(razscheduleduploadevent[93d39fcb-b416-4855-8d229639feaa304a]).finished
17/03/15 13:16.19: scheduleTask.run(razassetexpiry).started
17/03/15 13:16.25: scheduleTask.run(razassetexpiry).finished
17/03/15 13:17.19: scheduleTask.run(razscheduleduploadevent[93d39fcb-b416-4855-8d229639feaa304a]).started
17/03/15 13:17.25: scheduleTask.run(razscheduleduploadevent[93d39fcb-b416-4855-8d229639feaa304a]).finished
17/03/15 13:19.19: scheduleTask.run(razscheduleduploadevent[93d39fcb-b416-4855-8d229639feaa304a]).started
17/03/15 13:19.25: scheduleTask.run(razscheduleduploadevent[93d39fcb-b416-4855-8d229639feaa304a]).finished
17/03/15 13:20.49: scheduleTask.run(razfoldersubscribe).started
17/03/15 13:20.55: scheduleTask.run(razfoldersubscribe).finished
17/03/15 13:21.19: scheduleTask.run(razscheduleduploadevent[93d39fcb-b416-4855-8d229639feaa304a]).started
17/03/15 13:21.19: scheduleTask.run(razassetexpiry).started
17/03/15 13:21.20: scheduleTask.run(razassetexpiry).finished
17/03/15 13:21.20: scheduleTask.run(razscheduleduploadevent[93d39fcb-b416-4855-8d229639feaa304a]).finished
17/03/15 13:23.19: scheduleTask.run(razscheduleduploadevent[93d39fcb-b416-4855-8d229639feaa304a]).started
17/03/15 13:23.25: scheduleTask.run(razscheduleduploadevent[93d39fcb-b416-4855-8d229639feaa304a]).finished
17/03/15 13:25.20: scheduleTask.run(razscheduleduploadevent[93d39fcb-b416-4855-8d229639feaa304a]).started
17/03/15 13:25.25: scheduleTask.run(razscheduleduploadevent[93d39fcb-b416-4855-8d229639feaa304a]).finished
17/03/15 13:26.20: scheduleTask.run(razassetexpiry).started
17/03/15 13:26.25: scheduleTask.run(razassetexpiry).finished
17/03/15 13:27.20: scheduleTask.run(razscheduleduploadevent[93d39fcb-b416-4855-8d229639feaa304a]).started
17/03/15 13:27.25: scheduleTask.run(razscheduleduploadevent[93d39fcb-b416-4855-8d229639feaa304a]).finished
17/03/15 13:28.50: scheduleTask.run(razfoldersubscribe).started
17/03/15 13:28.55: scheduleTask.run(razfoldersubscribe).finished
17/03/15 13:29.20: scheduleTask.run(razscheduleduploadevent[93d39fcb-b416-4855-8d229639feaa304a]).started
17/03/15 13:29.20: scheduleTask.run(razfoldersubscribe).started
17/03/15 13:29.20: scheduleTask.run(razfoldersubscribe).finished
17/03/15 13:29.20: scheduleTask.run(razscheduleduploadevent[93d39fcb-b416-4855-8d229639feaa304a]).finished
17/03/15 13:31.20: scheduleTask.run(razscheduleduploadevent[93d39fcb-b416-4855-8d229639feaa304a]).started
17/03/15 13:31.20: scheduleTask.run(razassetexpiry).started
17/03/15 13:40.36: scheduleEngine started
17/03/15 13:40.37: scheduleEngine: UpdateTask: razfoldersubscribe
17/03/15 13:40.37: taskName=razfoldersubscribe; StartTime=00:01.00; StartDate=02/Mar/2015; EndTime=23:59.00; EndDate=-1; interval=500
17/03/15 13:40.37: scheduleEngine: UpdateTask: razassetexpiry
17/03/15 13:40.37: taskName=razassetexpiry; StartTime=00:01.00; StartDate=02/Mar/2015; EndTime=23:59.00; EndDate=-1; interval=300
17/03/15 13:40.37: scheduleEngine: UpdateTask: razscheduleduploadevent[93d39fcb-b416-4855-8d229639feaa304a]
17/03/15 13:40.37: taskName=razscheduleduploadevent[93d39fcb-b416-4855-8d229639feaa304a]; StartTime=00:01.00; StartDate=20/Feb/2015; EndTime=23:59.00; EndDate=-1; interval=120
17/03/15 13:40.37: scheduleEngine: UpdateTask: razftpnotifications
17/03/15 13:40.37: taskName=razftpnotifications; StartTime=00:01.00; StartDate=02/Mar/2015; EndTime=23:59.00; EndDate=-1; interval=3600
17/03/15 13:40.37: Active Tasks=4; Directory=/Users/nitai/Documents/workspace/razuna/WEB-INF/bluedragon/work/cfschedule
17/03/15 13:41.07: scheduleTask.run(razscheduleduploadevent[93d39fcb-b416-4855-8d229639feaa304a]).started
17/03/15 13:41.07: scheduleTask.run(razassetexpiry).started
17/03/15 13:41.25: scheduleTask.run(razassetexpiry).finished
17/03/15 13:41.31: scheduleTask.run(razscheduleduploadevent[93d39fcb-b416-4855-8d229639feaa304a]).finished
17/03/15 13:43.07: scheduleTask.run(razscheduleduploadevent[93d39fcb-b416-4855-8d229639feaa304a]).started
17/03/15 13:43.13: scheduleTask.run(razscheduleduploadevent[93d39fcb-b416-4855-8d229639feaa304a]).finished
17/03/15 13:45.07: scheduleTask.run(razscheduleduploadevent[93d39fcb-b416-4855-8d229639feaa304a]).started
17/03/15 13:45.13: scheduleTask.run(razscheduleduploadevent[93d39fcb-b416-4855-8d229639feaa304a]).finished
17/03/15 13:45.37: scheduleTask.run(razfoldersubscribe).started
17/03/15 13:45.38: scheduleTask.run(razfoldersubscribe).finished
17/03/15 13:46.07: scheduleTask.run(razassetexpiry).started
17/03/15 13:46.12: scheduleTask.run(razassetexpiry).finished
17/03/15 13:47.07: scheduleTask.run(razscheduleduploadevent[93d39fcb-b416-4855-8d229639feaa304a]).started
17/03/15 13:47.13: scheduleTask.run(razscheduleduploadevent[93d39fcb-b416-4855-8d229639feaa304a]).finished
17/03/15 13:49.07: scheduleTask.run(razscheduleduploadevent[93d39fcb-b416-4855-8d229639feaa304a]).started
17/03/15 13:49.14: scheduleTask.run(razscheduleduploadevent[93d39fcb-b416-4855-8d229639feaa304a]).finished
17/03/15 13:51.07: scheduleTask.run(razscheduleduploadevent[93d39fcb-b416-4855-8d229639feaa304a]).started
17/03/15 13:51.07: scheduleTask.run(razassetexpiry).started
17/03/15 13:51.13: scheduleTask.run(razscheduleduploadevent[93d39fcb-b416-4855-8d229639feaa304a]).finished
17/03/15 13:51.13: scheduleTask.run(razassetexpiry).finished
17/03/15 13:53.07: scheduleTask.run(razscheduleduploadevent[93d39fcb-b416-4855-8d229639feaa304a]).started
17/03/15 13:53.13: scheduleTask.run(razscheduleduploadevent[93d39fcb-b416-4855-8d229639feaa304a]).finished
17/03/15 13:54.07: scheduleTask.run(razfoldersubscribe).started
17/03/15 13:54.13: scheduleTask.run(razfoldersubscribe).finished
17/03/15 13:54.37: scheduleTask.run(razfoldersubscribe).started
17/03/15 13:54.38: scheduleTask.run(razfoldersubscribe).finished
17/03/15 13:55.07: scheduleTask.run(razscheduleduploadevent[93d39fcb-b416-4855-8d229639feaa304a]).started
17/03/15 13:55.13: scheduleTask.run(razscheduleduploadevent[93d39fcb-b416-4855-8d229639feaa304a]).finished
17/03/15 13:56.07: scheduleTask.run(razassetexpiry).started
17/03/15 13:56.13: scheduleTask.run(razassetexpiry).finished
17/03/15 13:57.07: scheduleTask.run(razscheduleduploadevent[93d39fcb-b416-4855-8d229639feaa304a]).started
17/03/15 13:57.13: scheduleTask.run(razscheduleduploadevent[93d39fcb-b416-4855-8d229639feaa304a]).finished
17/03/15 13:59.08: scheduleTask.run(razscheduleduploadevent[93d39fcb-b416-4855-8d229639feaa304a]).started
17/03/15 13:59.13: scheduleTask.run(razscheduleduploadevent[93d39fcb-b416-4855-8d229639feaa304a]).finished
17/03/15 14:01.08: scheduleTask.run(razftpnotifications).started
17/03/15 14:01.08: scheduleTask.run(razscheduleduploadevent[93d39fcb-b416-4855-8d229639feaa304a]).started
17/03/15 14:01.08: scheduleTask.run(razassetexpiry).started
17/03/15 14:01.13: scheduleTask.run(razscheduleduploadevent[93d39fcb-b416-4855-8d229639feaa304a]).finished
17/03/15 14:01.14: scheduleTask.run(razftpnotifications).finished
17/03/15 14:01.14: scheduleTask.run(razassetexpiry).finished
17/03/15 14:02.38: scheduleTask.run(razfoldersubscribe).started
17/03/15 14:02.43: scheduleTask.run(razfoldersubscribe).finished
17/03/15 14:03.08: scheduleTask.run(razscheduleduploadevent[93d39fcb-b416-4855-8d229639feaa304a]).started
17/03/15 14:03.08: scheduleTask.run(razscheduleduploadevent[93d39fcb-b416-4855-8d229639feaa304a]).finished
17/03/15 14:05.08: scheduleTask.run(razscheduleduploadevent[93d39fcb-b416-4855-8d229639feaa304a]).started
17/03/15 14:05.13: scheduleTask.run(razscheduleduploadevent[93d39fcb-b416-4855-8d229639feaa304a]).finished
17/03/15 14:06.08: scheduleTask.run(razassetexpiry).started
17/03/15 14:06.13: scheduleTask.run(razassetexpiry).finished
17/03/15 14:07.08: scheduleTask.run(razscheduleduploadevent[93d39fcb-b416-4855-8d229639feaa304a]).started
17/03/15 14:07.13: scheduleTask.run(razscheduleduploadevent[93d39fcb-b416-4855-8d229639feaa304a]).finished
17/03/15 14:09.08: scheduleTask.run(razscheduleduploadevent[93d39fcb-b416-4855-8d229639feaa304a]).started
17/03/15 14:09.13: scheduleTask.run(razscheduleduploadevent[93d39fcb-b416-4855-8d229639feaa304a]).finished
17/03/15 14:11.08: scheduleTask.run(razscheduleduploadevent[93d39fcb-b416-4855-8d229639feaa304a]).started
17/03/15 14:11.08: scheduleTask.run(razfoldersubscribe).started
17/03/15 14:11.08: scheduleTask.run(razassetexpiry).started
17/03/15 14:11.13: scheduleTask.run(razscheduleduploadevent[93d39fcb-b416-4855-8d229639feaa304a]).finished
17/03/15 14:11.13: scheduleTask.run(razfoldersubscribe).finished
17/03/15 14:11.13: scheduleTask.run(razassetexpiry).finished
17/03/15 14:13.08: scheduleTask.run(razscheduleduploadevent[93d39fcb-b416-4855-8d229639feaa304a]).started
17/03/15 14:13.13: scheduleTask.run(razscheduleduploadevent[93d39fcb-b416-4855-8d229639feaa304a]).finished
17/03/15 14:15.08: scheduleTask.run(razscheduleduploadevent[93d39fcb-b416-4855-8d229639feaa304a]).started
17/03/15 14:15.13: scheduleTask.run(razscheduleduploadevent[93d39fcb-b416-4855-8d229639feaa304a]).finished
17/03/15 14:16.08: scheduleTask.run(razassetexpiry).started
17/03/15 14:16.13: scheduleTask.run(razassetexpiry).finished
17/03/15 14:17.08: scheduleTask.run(razscheduleduploadevent[93d39fcb-b416-4855-8d229639feaa304a]).started
17/03/15 14:17.13: scheduleTask.run(razscheduleduploadevent[93d39fcb-b416-4855-8d229639feaa304a]).finished
17/03/15 14:19.08: scheduleTask.run(razscheduleduploadevent[93d39fcb-b416-4855-8d229639feaa304a]).started
17/03/15 14:19.13: scheduleTask.run(razscheduleduploadevent[93d39fcb-b416-4855-8d229639feaa304a]).finished
17/03/15 14:19.38: scheduleTask.run(razfoldersubscribe).started
17/03/15 14:19.38: scheduleTask.run(razfoldersubscribe).finished
17/03/15 14:21.08: scheduleTask.run(razscheduleduploadevent[93d39fcb-b416-4855-8d229639feaa304a]).started
17/03/15 14:21.08: scheduleTask.run(razassetexpiry).started
17/03/15 14:21.13: scheduleTask.run(razassetexpiry).finished
17/03/15 14:21.13: scheduleTask.run(razscheduleduploadevent[93d39fcb-b416-4855-8d229639feaa304a]).finished
17/03/15 14:23.08: scheduleTask.run(razscheduleduploadevent[93d39fcb-b416-4855-8d229639feaa304a]).started
17/03/15 14:23.13: scheduleTask.run(razscheduleduploadevent[93d39fcb-b416-4855-8d229639feaa304a]).finished
17/03/15 14:25.08: scheduleTask.run(razscheduleduploadevent[93d39fcb-b416-4855-8d229639feaa304a]).started
17/03/15 14:25.13: scheduleTask.run(razscheduleduploadevent[93d39fcb-b416-4855-8d229639feaa304a]).finished
17/03/15 14:26.08: scheduleTask.run(razassetexpiry).started
17/03/15 14:26.14: scheduleTask.run(razassetexpiry).finished
17/03/15 14:27.08: scheduleTask.run(razscheduleduploadevent[93d39fcb-b416-4855-8d229639feaa304a]).started
17/03/15 14:27.13: scheduleTask.run(razscheduleduploadevent[93d39fcb-b416-4855-8d229639feaa304a]).finished
17/03/15 14:27.38: scheduleTask.run(razfoldersubscribe).started
17/03/15 14:27.38: scheduleTask.run(razfoldersubscribe).finished
17/03/15 14:29.08: scheduleTask.run(razscheduleduploadevent[93d39fcb-b416-4855-8d229639feaa304a]).started
17/03/15 14:29.13: scheduleTask.run(razscheduleduploadevent[93d39fcb-b416-4855-8d229639feaa304a]).finished
17/03/15 14:31.08: scheduleTask.run(razscheduleduploadevent[93d39fcb-b416-4855-8d229639feaa304a]).started
17/03/15 14:31.08: scheduleTask.run(razassetexpiry).started
17/03/15 14:31.13: scheduleTask.run(razscheduleduploadevent[93d39fcb-b416-4855-8d229639feaa304a]).finished
17/03/15 14:31.14: scheduleTask.run(razassetexpiry).finished
17/03/15 14:33.08: scheduleTask.run(razscheduleduploadevent[93d39fcb-b416-4855-8d229639feaa304a]).started
17/03/15 14:33.13: scheduleTask.run(razscheduleduploadevent[93d39fcb-b416-4855-8d229639feaa304a]).finished
17/03/15 14:35.08: scheduleTask.run(razscheduleduploadevent[93d39fcb-b416-4855-8d229639feaa304a]).started
17/03/15 14:35.13: scheduleTask.run(razscheduleduploadevent[93d39fcb-b416-4855-8d229639feaa304a]).finished
17/03/15 14:36.08: scheduleTask.run(razfoldersubscribe).started
17/03/15 14:36.08: scheduleTask.run(razassetexpiry).started
17/03/15 14:36.14: scheduleTask.run(razfoldersubscribe).finished
17/03/15 14:36.14: scheduleTask.run(razassetexpiry).finished
17/03/15 14:37.08: scheduleTask.run(razscheduleduploadevent[93d39fcb-b416-4855-8d229639feaa304a]).started
17/03/15 14:37.13: scheduleTask.run(razscheduleduploadevent[93d39fcb-b416-4855-8d229639feaa304a]).finished
17/03/15 14:39.08: scheduleTask.run(razscheduleduploadevent[93d39fcb-b416-4855-8d229639feaa304a]).started
17/03/15 14:39.13: scheduleTask.run(razscheduleduploadevent[93d39fcb-b416-4855-8d229639feaa304a]).finished
17/03/15 14:41.08: scheduleTask.run(razscheduleduploadevent[93d39fcb-b416-4855-8d229639feaa304a]).started
17/03/15 14:41.08: scheduleTask.run(razassetexpiry).started
17/03/15 14:41.13: scheduleTask.run(razscheduleduploadevent[93d39fcb-b416-4855-8d229639feaa304a]).finished
17/03/15 14:41.14: scheduleTask.run(razassetexpiry).finished
17/03/15 14:43.08: scheduleTask.run(razscheduleduploadevent[93d39fcb-b416-4855-8d229639feaa304a]).started
17/03/15 14:43.13: scheduleTask.run(razscheduleduploadevent[93d39fcb-b416-4855-8d229639feaa304a]).finished
17/03/15 14:44.38: scheduleTask.run(razfoldersubscribe).started
17/03/15 14:44.44: scheduleTask.run(razfoldersubscribe).finished
17/03/15 14:45.08: scheduleTask.run(razscheduleduploadevent[93d39fcb-b416-4855-8d229639feaa304a]).started
17/03/15 14:45.08: scheduleTask.run(razscheduleduploadevent[93d39fcb-b416-4855-8d229639feaa304a]).finished
17/03/15 14:46.08: scheduleTask.run(razassetexpiry).started
17/03/15 14:46.13: scheduleTask.run(razassetexpiry).finished
17/03/15 14:47.08: scheduleTask.run(razscheduleduploadevent[93d39fcb-b416-4855-8d229639feaa304a]).started
17/03/15 14:47.13: scheduleTask.run(razscheduleduploadevent[93d39fcb-b416-4855-8d229639feaa304a]).finished
17/03/15 14:49.08: scheduleTask.run(razscheduleduploadevent[93d39fcb-b416-4855-8d229639feaa304a]).started
17/03/15 14:49.13: scheduleTask.run(razscheduleduploadevent[93d39fcb-b416-4855-8d229639feaa304a]).finished
17/03/15 14:51.08: scheduleTask.run(razscheduleduploadevent[93d39fcb-b416-4855-8d229639feaa304a]).started
17/03/15 14:51.08: scheduleTask.run(razassetexpiry).started
17/03/15 14:51.13: scheduleTask.run(razscheduleduploadevent[93d39fcb-b416-4855-8d229639feaa304a]).finished
17/03/15 14:51.14: scheduleTask.run(razassetexpiry).finished
17/03/15 14:52.38: scheduleTask.run(razfoldersubscribe).started
17/03/15 14:52.43: scheduleTask.run(razfoldersubscribe).finished
17/03/15 14:53.08: scheduleTask.run(razscheduleduploadevent[93d39fcb-b416-4855-8d229639feaa304a]).started
17/03/15 14:53.08: scheduleTask.run(razscheduleduploadevent[93d39fcb-b416-4855-8d229639feaa304a]).finished
17/03/15 14:55.08: scheduleTask.run(razscheduleduploadevent[93d39fcb-b416-4855-8d229639feaa304a]).started
17/03/15 14:55.13: scheduleTask.run(razscheduleduploadevent[93d39fcb-b416-4855-8d229639feaa304a]).finished
17/03/15 14:56.08: scheduleTask.run(razassetexpiry).started
17/03/15 14:56.14: scheduleTask.run(razassetexpiry).finished
17/03/15 14:57.08: scheduleTask.run(razscheduleduploadevent[93d39fcb-b416-4855-8d229639feaa304a]).started
17/03/15 14:57.13: scheduleTask.run(razscheduleduploadevent[93d39fcb-b416-4855-8d229639feaa304a]).finished
17/03/15 14:59.08: scheduleTask.run(razscheduleduploadevent[93d39fcb-b416-4855-8d229639feaa304a]).started
17/03/15 14:59.13: scheduleTask.run(razscheduleduploadevent[93d39fcb-b416-4855-8d229639feaa304a]).finished
17/03/15 15:01.08: scheduleTask.run(razftpnotifications).started
17/03/15 15:01.08: scheduleTask.run(razscheduleduploadevent[93d39fcb-b416-4855-8d229639feaa304a]).started
17/03/15 15:01.08: scheduleTask.run(razfoldersubscribe).started
17/03/15 15:01.08: scheduleTask.run(razassetexpiry).started
17/03/15 15:01.13: scheduleTask.run(razscheduleduploadevent[93d39fcb-b416-4855-8d229639feaa304a]).finished
17/03/15 15:01.14: scheduleTask.run(razftpnotifications).finished
17/03/15 15:01.14: scheduleTask.run(razassetexpiry).finished
17/03/15 15:01.14: scheduleTask.run(razfoldersubscribe).finished
17/03/15 15:03.08: scheduleTask.run(razscheduleduploadevent[93d39fcb-b416-4855-8d229639feaa304a]).started
17/03/15 15:03.13: scheduleTask.run(razscheduleduploadevent[93d39fcb-b416-4855-8d229639feaa304a]).finished
17/03/15 15:05.08: scheduleTask.run(razscheduleduploadevent[93d39fcb-b416-4855-8d229639feaa304a]).started
17/03/15 15:05.13: scheduleTask.run(razscheduleduploadevent[93d39fcb-b416-4855-8d229639feaa304a]).finished
17/03/15 15:06.08: scheduleTask.run(razassetexpiry).started
17/03/15 15:06.14: scheduleTask.run(razassetexpiry).finished
17/03/15 15:07.08: scheduleTask.run(razscheduleduploadevent[93d39fcb-b416-4855-8d229639feaa304a]).started
17/03/15 15:07.13: scheduleTask.run(razscheduleduploadevent[93d39fcb-b416-4855-8d229639feaa304a]).finished
17/03/15 15:09.08: scheduleTask.run(razscheduleduploadevent[93d39fcb-b416-4855-8d229639feaa304a]).started
17/03/15 15:09.14: scheduleTask.run(razscheduleduploadevent[93d39fcb-b416-4855-8d229639feaa304a]).finished
17/03/15 15:09.38: scheduleTask.run(razfoldersubscribe).started
17/03/15 15:09.39: scheduleTask.run(razfoldersubscribe).finished
17/03/15 15:11.08: scheduleTask.run(razscheduleduploadevent[93d39fcb-b416-4855-8d229639feaa304a]).started
17/03/15 15:11.08: scheduleTask.run(razassetexpiry).started
17/03/15 15:11.13: scheduleTask.run(razassetexpiry).finished
17/03/15 15:11.13: scheduleTask.run(razscheduleduploadevent[93d39fcb-b416-4855-8d229639feaa304a]).finished
17/03/15 15:13.08: scheduleTask.run(razscheduleduploadevent[93d39fcb-b416-4855-8d229639feaa304a]).started
17/03/15 15:13.13: scheduleTask.run(razscheduleduploadevent[93d39fcb-b416-4855-8d229639feaa304a]).finished
17/03/15 15:15.08: scheduleTask.run(razscheduleduploadevent[93d39fcb-b416-4855-8d229639feaa304a]).started
17/03/15 15:15.14: scheduleTask.run(razscheduleduploadevent[93d39fcb-b416-4855-8d229639feaa304a]).finished
17/03/15 15:16.08: scheduleTask.run(razassetexpiry).started
17/03/15 15:16.14: scheduleTask.run(razassetexpiry).finished
17/03/15 15:17.08: scheduleTask.run(razscheduleduploadevent[93d39fcb-b416-4855-8d229639feaa304a]).started
17/03/15 15:17.14: scheduleTask.run(razscheduleduploadevent[93d39fcb-b416-4855-8d229639feaa304a]).finished
17/03/15 15:17.38: scheduleTask.run(razfoldersubscribe).started
17/03/15 15:17.38: scheduleTask.run(razfoldersubscribe).finished
17/03/15 15:19.08: scheduleTask.run(razscheduleduploadevent[93d39fcb-b416-4855-8d229639feaa304a]).started
17/03/15 15:19.14: scheduleTask.run(razscheduleduploadevent[93d39fcb-b416-4855-8d229639feaa304a]).finished
