03/11/14 16:39.10: OutgoingMailServer started
27/11/14 10:42.48: OutgoingMailServer started
27/11/14 10:44.54: OutgoingMailServer started
27/11/14 10:47.05: OutgoingMailServer started
27/11/14 10:52.55: OutgoingMailServer started
27/11/14 12:45.56: OutgoingMailServer started
22/01/15 16:11.35: OutgoingMailServer started
22/01/15 16:12.10: OutgoingMailServer started
22/01/15 16:16.01: OutgoingMailServer started
22/01/15 16:25.52: OutgoingMailServer started
27/01/15 09:59.37: OutgoingMailServer started
18/02/15 10:48.07: OutgoingMailServer started
18/02/15 11:08.23: MailOutFail: To=admin@razuna.com; From=support@razuna.com; Subject=Your basket is available for download; Server=;;localhost;25; Size=796 bytes:javax.mail.MessagingException: Could not connect to SMTP host: localhost, port: 25;
  nested exception is:
	java.net.ConnectException: Connection refused
18/02/15 11:09.16: MailOutFail: To=admin@razuna.com; From=support@razuna.com; Subject=Your basket is available for download; Server=;;localhost;25; Size=796 bytes:javax.mail.MessagingException: Could not connect to SMTP host: localhost, port: 25;
  nested exception is:
	java.net.ConnectException: Connection refused
18/02/15 11:10.42: MailOutFail: To=nitai@razuna.com; From=admin@razuna.com; Subject=Your basket is ready for download; Server=;;localhost;25; Size=933 bytes:javax.mail.MessagingException: Could not connect to SMTP host: localhost, port: 25;
  nested exception is:
	java.net.ConnectException: Connection refused
20/02/15 14:50.59: OutgoingMailServer started
20/02/15 19:38.05: MailOutFail: To=nitai@razuna.com; From=admin@razuna.com; Subject=Your basket is ready for download; Server=;;localhost;25; Size=933 bytes:javax.mail.MessagingException: Could not connect to SMTP host: localhost, port: 25;
  nested exception is:
	java.net.ConnectException: Connection refused
24/02/15 08:34.03: OutgoingMailServer started
24/02/15 12:22.16: OutgoingMailServer started
24/02/15 12:27.56: MailOutFail: To=admin@razuna.com; From=support@razuna.com; Subject=Workflow notification; Server=;;localhost;25; Size=599 bytes:javax.mail.MessagingException: Could not connect to SMTP host: localhost, port: 25;
  nested exception is:
	java.net.ConnectException: Connection refused
24/02/15 12:27.56: MailOutFail: To=test2@razuna.com; From=support@razuna.com; Subject=Workflow notification; Server=;;localhost;25; Size=599 bytes:javax.mail.MessagingException: Could not connect to SMTP host: localhost, port: 25;
  nested exception is:
	java.net.ConnectException: Connection refused
24/02/15 12:27.56: MailOutFail: To=test@razuna.com; From=support@razuna.com; Subject=Workflow notification; Server=;;localhost;25; Size=598 bytes:javax.mail.MessagingException: Could not connect to SMTP host: localhost, port: 25;
  nested exception is:
	java.net.ConnectException: Connection refused
24/02/15 12:40.15: OutgoingMailServer started
02/03/15 00:26.12: OutgoingMailServer started
02/03/15 00:32.29: OutgoingMailServer started
02/03/15 00:38.37: OutgoingMailServer started
02/03/15 00:46.14: OutgoingMailServer started
02/03/15 00:58.57: OutgoingMailServer started
02/03/15 01:57.36: OutgoingMailServer started
02/03/15 02:01.12: OutgoingMailServer started
02/03/15 04:05.44: OutgoingMailServer started
02/03/15 04:06.54: OutgoingMailServer started
02/03/15 11:39.42: OutgoingMailServer started
02/03/15 11:45.53: MailOutFail: To=test2@razuna.com; From=support@razuna.com; Subject=Workflow notification; Server=;;localhost;25; Size=597 bytes:javax.mail.MessagingException: Could not connect to SMTP host: localhost, port: 25;
  nested exception is:
	java.net.ConnectException: Connection refused
02/03/15 11:45.53: MailOutFail: To=admin@razuna.com; From=support@razuna.com; Subject=Workflow notification; Server=;;localhost;25; Size=598 bytes:javax.mail.MessagingException: Could not connect to SMTP host: localhost, port: 25;
  nested exception is:
	java.net.ConnectException: Connection refused
02/03/15 11:45.53: MailOutFail: To=test@razuna.com; From=support@razuna.com; Subject=Workflow notification; Server=;;localhost;25; Size=596 bytes:javax.mail.MessagingException: Could not connect to SMTP host: localhost, port: 25;
  nested exception is:
	java.net.ConnectException: Connection refused
04/03/15 12:47.23: OutgoingMailServer started
04/03/15 13:01.39: OutgoingMailServer started
04/03/15 14:15.28: OutgoingMailServer started
04/03/15 14:28.52: OutgoingMailServer started
05/03/15 16:24.17: OutgoingMailServer started
06/03/15 09:35.17: OutgoingMailServer started
07/03/15 13:02.26: OutgoingMailServer started
09/03/15 11:11.54: OutgoingMailServer started
13/03/15 21:05.14: OutgoingMailServer started
16/03/15 14:17.08: OutgoingMailServer started
17/03/15 09:09.46: OutgoingMailServer started
17/03/15 10:38.28: MailOutFail: To=admin@razuna.com; From=support@razuna.com; Subject=Workflow notification; Server=;;localhost;25; Size=597 bytes:javax.mail.MessagingException: Could not connect to SMTP host: localhost, port: 25;
  nested exception is:
	java.net.ConnectException: Connection refused
17/03/15 10:38.29: MailOutFail: To=test2@razuna.com; From=support@razuna.com; Subject=Workflow notification; Server=;;localhost;25; Size=597 bytes:javax.mail.MessagingException: Could not connect to SMTP host: localhost, port: 25;
  nested exception is:
	java.net.ConnectException: Connection refused
17/03/15 10:38.29: MailOutFail: To=test@razuna.com; From=support@razuna.com; Subject=Workflow notification; Server=;;localhost;25; Size=597 bytes:javax.mail.MessagingException: Could not connect to SMTP host: localhost, port: 25;
  nested exception is:
	java.net.ConnectException: Connection refused
17/03/15 10:39.07: MailOutFail: To=admin@razuna.com; From=support@razuna.com; Subject=Workflow notification; Server=;;localhost;25; Size=603 bytes:javax.mail.MessagingException: Could not connect to SMTP host: localhost, port: 25;
  nested exception is:
	java.net.ConnectException: Connection refused
17/03/15 10:39.07: MailOutFail: To=test2@razuna.com; From=support@razuna.com; Subject=Workflow notification; Server=;;localhost;25; Size=604 bytes:javax.mail.MessagingException: Could not connect to SMTP host: localhost, port: 25;
  nested exception is:
	java.net.ConnectException: Connection refused
17/03/15 10:39.07: MailOutFail: To=test@razuna.com; From=support@razuna.com; Subject=Workflow notification; Server=;;localhost;25; Size=603 bytes:javax.mail.MessagingException: Could not connect to SMTP host: localhost, port: 25;
  nested exception is:
	java.net.ConnectException: Connection refused
17/03/15 10:39.17: MailOutFail: To=admin@razuna.com; From=support@razuna.com; Subject=Workflow notification; Server=;;localhost;25; Size=601 bytes:javax.mail.MessagingException: Could not connect to SMTP host: localhost, port: 25;
  nested exception is:
	java.net.ConnectException: Connection refused
17/03/15 10:39.17: MailOutFail: To=test2@razuna.com; From=support@razuna.com; Subject=Workflow notification; Server=;;localhost;25; Size=602 bytes:javax.mail.MessagingException: Could not connect to SMTP host: localhost, port: 25;
  nested exception is:
	java.net.ConnectException: Connection refused
17/03/15 10:39.17: MailOutFail: To=test@razuna.com; From=support@razuna.com; Subject=Workflow notification; Server=;;localhost;25; Size=600 bytes:javax.mail.MessagingException: Could not connect to SMTP host: localhost, port: 25;
  nested exception is:
	java.net.ConnectException: Connection refused
17/03/15 13:40.36: OutgoingMailServer started
