
]--- Logging Started ------[
17/03/15 13:40.36: RunTimeError Directory=[/Users/nitai/Documents/workspace/razuna/WEB-INF/bluedragon/work/temp/rtelogs], Max=[100]
17/03/15 13:40.36: BlueDragon WorkingDirectory=[/Users/nitai/Documents/workspace/razuna/WEB-INF/bluedragon/work]
17/03/15 13:40.36: BlueDragon TempDirectory=[/Users/nitai/Documents/workspace/razuna/WEB-INF/bluedragon/work/temp]
17/03/15 13:40.36: OutgoingMailServer started mainDirectory=/Users/nitai/Documents/workspace/razuna/WEB-INF/bluedragon/work/cfmail
17/03/15 13:40.36: Collection Registered: 1 @ /Users/nitai/Documents/workspace/razuna/WEB-INF/collections/1
17/03/15 13:40.36: BlueDragon server is starting up...
17/03/15 13:40.36: Product Version: 3.1
17/03/15 13:40.36: Build date: 2013-03-27 04:03:37 GMT
17/03/15 13:40.36: tagChecker loaded: 140 tags
17/03/15 13:40.36: cfmlFileCache Configuration. Caching=1000 files; trusted cache=false
17/03/15 13:40.36: cfmlFileCache.loadCustomTagMappings [CF_] >> []
17/03/15 13:40.36: cfmlFileCache.CFMapping [/fusebox5] >> [/global/fusebox5]
17/03/15 13:40.36: PluginManager Auto Discovery (openbdplugin-XXXX.jar) ...
17/03/15 13:40.36: ... found: 0 plugins
17/03/15 13:40.36: cfEngine: Using default character encoding UTF-8
17/03/15 13:40.36: cfEngine: WebResourcePath /Users/nitai/Documents/workspace/razuna/WEB-INF/resources
17/03/15 13:40.36: cfEngine: server.system.nativelibdir=[/WEB-INF/bin/x64/]
17/03/15 13:40.36: queryBatchServer started: /Users/nitai/Documents/workspace/razuna/WEB-INF/bluedragon/work/cfquerybatch
17/03/15 13:40.36: CFQUERY Connection pool validation queries: ENABLED
17/03/15 13:40.36: MemoryDiskCache.function: MaxSize: 100
17/03/15 13:40.36: MemoryDiskCache.function: Directory set: /Users/nitai/Documents/workspace/razuna/WEB-INF/bluedragon/work/cache-function
17/03/15 13:40.36: MemoryDiskCache.function: Directory cleaned
17/03/15 13:40.36: MemoryDiskCache.default: MaxSize: 25
17/03/15 13:40.36: MemoryDiskCache.default: Directory set: /Users/nitai/Documents/workspace/razuna/WEB-INF/bluedragon/work/cache-default
17/03/15 13:40.36: MemoryDiskCache.default: Directory cleaned
17/03/15 13:40.36: MemoryDiskCache.cfquery: MaxSize: 1000
17/03/15 13:40.36: MemoryDiskCache.cfquery: Directory set: /Users/nitai/Documents/workspace/razuna/WEB-INF/bluedragon/work/cache-cfquery
17/03/15 13:40.36: MemoryDiskCache.cfquery: Directory cleaned
17/03/15 13:40.36: CFIMAP Caching Engine Initialised.
17/03/15 13:40.36: cfChart: storage=file; size=1000
17/03/15 13:40.37: ScheduleEngine: Started. Initial Tasks=4
17/03/15 13:40.37: scheduleEngine started; logfile=/Users/nitai/Documents/workspace/razuna/WEB-INF/bluedragon/work/cfschedule/schedule.log
17/03/15 13:40.38: PlugIn.Load.Installed: org.alanwilliamson.openbd.plugin.spreadsheet.SpreadSheetExtension; SpreadSheet; Version=1.2011.11.4
17/03/15 13:40.38: PlugIn.Load.Installed: org.alanwilliamson.openbd.plugin.cfsmtp.SmtpExtension; CFSMTP; Version=1.2011.11.4
17/03/15 13:40.38: [LoginPlugin] <server>.<plugin>.<login>.<userfield>: no userfield specified
17/03/15 13:40.38: PlugIn.Load.Installed: org.aw20.plugin.login.LoginExtension; LoginExtension; Version=1.2011.11.4
17/03/15 13:40.38: PlugIn.Load.Installed: org.alanwilliamson.openbd.plugin.crontab.CronExtension; CronTab; Version=1.2011.11.4
17/03/15 13:40.38: PlugIn.Load.Installed: com.bluedragon.mongo.MongoExtension; MongoExtension; Version=1.2011.11.4
17/03/15 13:40.38: PlugIn.Load.Installed: org.alanwilliamson.openbd.plugin.salesforce.SalesForceExtension; SalesForce; Version=1.2177
17/03/15 13:40.38: PlugIn.Load.Installed: com.bluedragon.vision.VisionExtension; Vision; Version=1.2177
17/03/15 13:40.38: PlugIn.Load.Installed: com.bluedragon.profiler.ProfilerExtension; Profiler; Version=1.2348
17/03/15 13:40.38: Global client variable updates disabled
17/03/15 13:40.38: cfApplicationManager.DefaultClientStorage=[cookie]; J2EE Sessions=true
17/03/15 13:40.38: MemoryDiskCache.cfcachecontent: MaxSize: 1000
17/03/15 13:40.38: MemoryDiskCache.cfcachecontent: Directory set: /Users/nitai/Documents/workspace/razuna/WEB-INF/bluedragon/work/cache-cfcachecontent
17/03/15 13:40.38: MemoryDiskCache.cfcachecontent: Directory cleaned
17/03/15 13:40.38: cfSCRIPT Registered: language=java; class=org.alanwilliamson.lang.java.cfSCRIPTJava
17/03/15 13:40.38: cfSCRIPT Registered: language=javascript; class=org.alanwilliamson.lang.javascript.cfSCRIPTJavascript
17/03/15 13:40.38: expressionEngine loaded: 730 functions
17/03/15 13:40.38: cfEngine: [server.system.debug] Show Debug output on error? false
17/03/15 13:40.38: cfEngine: [server.debugoutput.enabled] Show Debugger output? false
17/03/15 13:40.38: cfEngine: [server.system.strictarraypassbyreference] Strict Mode: ArrayPassByReference? false
17/03/15 13:40.38: cfEngine: [server.system.functionscopedvariables] Strict Mode: FunctionScopedVariables? false
17/03/15 13:40.38: cfEngine: [server.system.assert] Assertions enabled
17/03/15 13:40.38: cfEngine: [server.system.formurlcombined] Combined Form/Url Scope? false
17/03/15 13:40.38: cfEngine: [server.system.legacyformvalidation] Legacy server side form validation? false
17/03/15 13:40.38: cfEngine: JSON Encoding Defaults: server.system.jsoncase=maintain; server.system.jsondate=long
17/03/15 13:40.38: cfEngine: [server.system.formurlmaintaincase] Case Form/Url maintained? false
17/03/15 13:40.38: BlueDragon has initialised. Ready for requests.
17/03/15 13:40.38: /Server.cfc found: /WEB-INF/Server.cfc; RealPath: /Users/nitai/Documents/workspace/razuna/WEB-INF/Server.cfc
17/03/15 13:40.38: MemoryDiskCache.razcache: MaxSize: 100
17/03/15 13:40.38: /Server.cfc Executed Successfully
17/03/15 13:41.13: cfApplicationManager.onApplicationStart: 25416691EBE9BCDB8526FEB19AEB4A8D
17/03/15 13:41.13: cfApplicationManager.onApplicationStart: /Users/nitai/Documents/workspace/razuna/raz1/dam/index.cfm
17/03/15 13:41.18: Can't validate connections for h2
17/03/15 13:41.19: Can't validate connections for h2
17/03/15 13:41.25: -] qoqCache Loaded $Revision: 1.1 $
17/03/15 13:44.00: Closing idle connection (dataSource=RAZUNA_BACKUP)
17/03/15 13:44.00: LongTermPoolFactory.removePoolFactory( RAZUNA_BACKUP:razuna )
17/03/15 13:45.38: Can't validate connections for h2
17/03/15 13:49.00: Closing idle connection (dataSource=RAZUNA_BACKUP)
17/03/15 13:49.00: LongTermPoolFactory.removePoolFactory( RAZUNA_BACKUP:razuna )
17/03/15 13:51.12: Can't validate connections for h2
17/03/15 13:51.13: Can't validate connections for h2
17/03/15 13:54.00: Closing idle connection (dataSource=RAZUNA_DEFAULT)
17/03/15 13:54.00: Closing idle connection (dataSource=RAZUNA_BACKUP)
17/03/15 13:54.00: LongTermPoolFactory.removePoolFactory( RAZUNA_BACKUP:razuna )
17/03/15 13:54.13: Can't validate connections for h2
17/03/15 13:59.00: Closing idle connection (dataSource=RAZUNA_BACKUP)
17/03/15 13:59.00: LongTermPoolFactory.removePoolFactory( RAZUNA_BACKUP:razuna )
17/03/15 14:01.13: Can't validate connections for h2
17/03/15 14:01.13: Can't validate connections for h2
17/03/15 14:01.13: Can't validate connections for h2
17/03/15 14:05.00: Closing idle connection (dataSource=RAZUNA_DEFAULT)
17/03/15 14:05.00: Closing idle connection (dataSource=RAZUNA_BACKUP)
17/03/15 14:05.00: Closing idle connection (dataSource=RAZUNA_BACKUP)
17/03/15 14:05.00: LongTermPoolFactory.removePoolFactory( RAZUNA_BACKUP:razuna )
17/03/15 14:06.13: Can't validate connections for h2
17/03/15 14:09.00: Closing idle connection (dataSource=RAZUNA_BACKUP)
17/03/15 14:09.00: LongTermPoolFactory.removePoolFactory( RAZUNA_BACKUP:razuna )
17/03/15 14:11.13: Can't validate connections for h2
17/03/15 14:11.13: Can't validate connections for h2
17/03/15 14:11.13: Can't validate connections for h2
17/03/15 14:14.00: Closing idle connection (dataSource=RAZUNA_DEFAULT)
17/03/15 14:14.00: Closing idle connection (dataSource=RAZUNA_BACKUP)
17/03/15 14:14.00: Closing idle connection (dataSource=RAZUNA_BACKUP)
17/03/15 14:14.00: LongTermPoolFactory.removePoolFactory( RAZUNA_BACKUP:razuna )
17/03/15 14:16.13: Can't validate connections for h2
17/03/15 14:19.00: Closing idle connection (dataSource=RAZUNA_BACKUP)
17/03/15 14:19.00: LongTermPoolFactory.removePoolFactory( RAZUNA_BACKUP:razuna )
17/03/15 14:19.38: Can't validate connections for h2
17/03/15 14:21.13: Can't validate connections for h2
17/03/15 14:24.00: Closing idle connection (dataSource=RAZUNA_DEFAULT)
17/03/15 14:24.00: Closing idle connection (dataSource=RAZUNA_BACKUP)
17/03/15 14:24.00: LongTermPoolFactory.removePoolFactory( RAZUNA_BACKUP:razuna )
17/03/15 14:26.14: Can't validate connections for h2
17/03/15 14:30.00: Closing idle connection (dataSource=RAZUNA_BACKUP)
17/03/15 14:30.00: LongTermPoolFactory.removePoolFactory( RAZUNA_BACKUP:razuna )
17/03/15 14:31.13: Can't validate connections for h2
17/03/15 14:31.14: Can't validate connections for h2
17/03/15 14:33.16: cfApplicationManager.onApplicationStart: OpenBDAdminConsole
17/03/15 14:34.00: Closing idle connection (dataSource=RAZUNA_DEFAULT)
17/03/15 14:34.00: Closing idle connection (dataSource=RAZUNA_BACKUP)
17/03/15 14:34.00: LongTermPoolFactory.removePoolFactory( RAZUNA_BACKUP:razuna )
17/03/15 14:36.14: Can't validate connections for h2
17/03/15 14:36.14: Can't validate connections for h2
17/03/15 14:39.00: Closing idle connection (dataSource=RAZUNA_BACKUP)
17/03/15 14:39.00: Closing idle connection (dataSource=RAZUNA_BACKUP)
17/03/15 14:39.00: LongTermPoolFactory.removePoolFactory( RAZUNA_BACKUP:razuna )
17/03/15 14:41.13: Can't validate connections for h2
17/03/15 14:41.13: Can't validate connections for h2
17/03/15 14:44.00: Closing idle connection (dataSource=RAZUNA_DEFAULT)
17/03/15 14:44.00: Closing idle connection (dataSource=RAZUNA_BACKUP)
17/03/15 14:44.00: LongTermPoolFactory.removePoolFactory( RAZUNA_BACKUP:razuna )
17/03/15 14:44.44: Can't validate connections for h2
17/03/15 14:49.00: Closing idle connection (dataSource=RAZUNA_BACKUP)
17/03/15 14:49.00: LongTermPoolFactory.removePoolFactory( RAZUNA_BACKUP:razuna )
17/03/15 14:51.14: Can't validate connections for h2
17/03/15 14:55.00: Closing idle connection (dataSource=RAZUNA_BACKUP)
17/03/15 14:55.00: LongTermPoolFactory.removePoolFactory( RAZUNA_BACKUP:razuna )
17/03/15 14:56.14: Can't validate connections for h2
17/03/15 14:59.00: Closing idle connection (dataSource=RAZUNA_BACKUP)
17/03/15 14:59.00: LongTermPoolFactory.removePoolFactory( RAZUNA_BACKUP:razuna )
17/03/15 15:01.13: Can't validate connections for h2
17/03/15 15:01.14: Can't validate connections for h2
17/03/15 15:01.14: Can't validate connections for h2
17/03/15 15:01.14: Can't validate connections for h2
17/03/15 15:04.00: Closing idle connection (dataSource=RAZUNA_DEFAULT)
17/03/15 15:04.00: Closing idle connection (dataSource=RAZUNA_BACKUP)
17/03/15 15:04.00: Closing idle connection (dataSource=RAZUNA_BACKUP)
17/03/15 15:04.00: Closing idle connection (dataSource=RAZUNA_BACKUP)
17/03/15 15:04.00: LongTermPoolFactory.removePoolFactory( RAZUNA_BACKUP:razuna )
17/03/15 15:06.14: Can't validate connections for h2
17/03/15 15:09.00: Closing idle connection (dataSource=RAZUNA_BACKUP)
17/03/15 15:09.00: LongTermPoolFactory.removePoolFactory( RAZUNA_BACKUP:razuna )
17/03/15 15:09.39: Can't validate connections for h2
17/03/15 15:11.13: Can't validate connections for h2
17/03/15 15:14.00: Closing idle connection (dataSource=RAZUNA_BACKUP)
17/03/15 15:14.00: LongTermPoolFactory.removePoolFactory( RAZUNA_BACKUP:razuna )
17/03/15 15:16.14: Can't validate connections for h2
17/03/15 15:17.26: OutgoingMailServer Configuration Updated
17/03/15 15:17.26: cfmlFileCache Configuration. Caching=1000 files; trusted cache=false
17/03/15 15:17.26: cfmlFileCache.loadCustomTagMappings [CF_] >> []
17/03/15 15:17.26: cfmlFileCache.CFMapping [/fusebox5] >> [/global/fusebox5]
17/03/15 15:17.26: Global client variable updates disabled
17/03/15 15:17.26: cfApplicationManager.DefaultClientStorage=[cookie]; J2EE Sessions=true
17/03/15 15:17.26: RunTimeError Directory=[/Users/nitai/Documents/workspace/razuna/WEB-INF/bluedragon/work/temp/rtelogs], Max=[100]
17/03/15 15:17.26: cfEngine: [server.system.debug] Show Debug output on error? false
17/03/15 15:17.26: cfEngine: [server.debugoutput.enabled] Show Debugger output? false
17/03/15 15:17.26: cfEngine: [server.system.legacyformvalidation] Legacy server side form validation? false
17/03/15 15:17.26: cfEngine: Using default character encoding UTF-8
17/03/15 15:17.26: cfmlFileCache was flushed
17/03/15 15:17.32: OutgoingMailServer Configuration Updated
17/03/15 15:17.32: cfmlFileCache Configuration. Caching=1000 files; trusted cache=false
17/03/15 15:17.32: cfmlFileCache.loadCustomTagMappings [CF_] >> []
17/03/15 15:17.32: cfmlFileCache.CFMapping [/fusebox5] >> [/global/fusebox5]
17/03/15 15:17.32: Global client variable updates disabled
17/03/15 15:17.32: cfApplicationManager.DefaultClientStorage=[cookie]; J2EE Sessions=true
17/03/15 15:17.32: RunTimeError Directory=[/Users/nitai/Documents/workspace/razuna/WEB-INF/bluedragon/work/temp/rtelogs], Max=[100]
17/03/15 15:17.32: cfEngine: [server.system.debug] Show Debug output on error? false
17/03/15 15:17.32: cfEngine: [server.debugoutput.enabled] Show Debugger output? false
17/03/15 15:17.32: cfEngine: [server.system.legacyformvalidation] Legacy server side form validation? false
17/03/15 15:17.32: cfEngine: Using default character encoding UTF-8
17/03/15 15:17.32: cfmlFileCache was flushed
17/03/15 15:20.00: Closing idle connection (dataSource=RAZUNA_BACKUP)
17/03/15 15:20.00: LongTermPoolFactory.removePoolFactory( RAZUNA_BACKUP:razuna )
17/03/15 15:20.13: BlueDragon is being shut down ... 
17/03/15 15:20.13: OutgoingMailServer: Shutdown
17/03/15 15:20.13: -] mailSender: thread stop.
17/03/15 15:20.13: -] mailSender: thread stop.
17/03/15 15:20.13: cfmlFileCache was flushed
17/03/15 15:20.13: cfmlFileCache was shutdown
17/03/15 15:20.13: cfQueryBatchServer: thread stop.
17/03/15 15:20.13: cfQueryBatchServer: Shutdown
17/03/15 15:20.13: CFIMAP Caching Engine closed open connections
17/03/15 15:20.13: cfApplicationManager.onApplicationEnd: 25416691EBE9BCDB8526FEB19AEB4A8D
17/03/15 15:20.13: cfApplicationManager.onApplicationEnd: OpenBDAdminConsole
17/03/15 15:20.13: cfApplicationManager.onApplicationEnd: /Users/nitai/Documents/workspace/razuna/raz1/dam/index.cfm
17/03/15 15:20.13: cfApplicationManager has been shutdown
17/03/15 15:20.13: OutgoingMailServer: Shutdown
17/03/15 15:20.13: All logging has been shutdown
17/03/15 15:20.13: CacheFactory: All Cache Regions shutdown
17/03/15 15:20.13: BlueDragon has been successfully shutdown
